{"uuid":"3e9f61af-1a12-4c95-a506-6d51f2226331","name":"Grid.LoginOnWindowsUsingChrome.setup","children":["51926270-1faa-406a-a9cc-c5c67e46c141"],"description":"","befores":[{"name":"setup","status":"broken","statusDetails":{"known":false,"muted":false,"flaky":false,"message":"session not created: No matching capabilities found\nBuild info: version: '3.5.0', revision: '8def36e068', time: '2017-08-10T23:00:22.093Z'\nSystem info: host: 'LPCAIQ0804', ip: '192.168.10.163', os.name: 'Windows 10', os.arch: 'amd64', os.version: '10.0', java.version: '18.0.2'\nDriver info: driver.version: unknown\nremote stacktrace: Backtrace:\n\tOrdinal0 [0x00A6DF13+2219795]\n\tOrdinal0 [0x00A02841+1779777]\n\tOrdinal0 [0x0091423D+803389]\n\tOrdinal0 [0x00962B6B+1125227]\n\tOrdinal0 [0x009622AC+1122988]\n\tOrdinal0 [0x009634D5+1127637]\n\tOrdinal0 [0x0096331A+1127194]\n\tOrdinal0 [0x0095E616+1107478]\n\tOrdinal0 [0x00937F89+950153]\n\tOrdinal0 [0x00938F56+954198]\n\tGetHandleVerifier [0x00D62CB2+3040210]\n\tGetHandleVerifier [0x00D52BB4+2974420]\n\tGetHandleVerifier [0x00B06A0A+565546]\n\tGetHandleVerifier [0x00B05680+560544]\n\tOrdinal0 [0x00A09A5C+1808988]\n\tOrdinal0 [0x00A0E3A8+1827752]\n\tOrdinal0 [0x00A0E495+1827989]\n\tOrdinal0 [0x00A180A4+1867940]\n\tBaseThreadInitThunk [0x77BA6359+25]\n\tRtlGetAppContainerNamedObjectPath [0x77CE7B74+228]\n\tRtlGetAppContainerNamedObjectPath [0x77CE7B44+180]\n\nCommand duration or timeout: 471 milliseconds","trace":"org.openqa.selenium.SessionNotCreatedException: session not created: No matching capabilities found\nBuild info: version: '3.5.0', revision: '8def36e068', time: '2017-08-10T23:00:22.093Z'\nSystem info: host: 'LPCAIQ0804', ip: '192.168.10.163', os.name: 'Windows 10', os.arch: 'amd64', os.version: '10.0', java.version: '18.0.2'\nDriver info: driver.version: unknown\nremote stacktrace: Backtrace:\n\tOrdinal0 [0x00A6DF13+2219795]\n\tOrdinal0 [0x00A02841+1779777]\n\tOrdinal0 [0x0091423D+803389]\n\tOrdinal0 [0x00962B6B+1125227]\n\tOrdinal0 [0x009622AC+1122988]\n\tOrdinal0 [0x009634D5+1127637]\n\tOrdinal0 [0x0096331A+1127194]\n\tOrdinal0 [0x0095E616+1107478]\n\tOrdinal0 [0x00937F89+950153]\n\tOrdinal0 [0x00938F56+954198]\n\tGetHandleVerifier [0x00D62CB2+3040210]\n\tGetHandleVerifier [0x00D52BB4+2974420]\n\tGetHandleVerifier [0x00B06A0A+565546]\n\tGetHandleVerifier [0x00B05680+560544]\n\tOrdinal0 [0x00A09A5C+1808988]\n\tOrdinal0 [0x00A0E3A8+1827752]\n\tOrdinal0 [0x00A0E495+1827989]\n\tOrdinal0 [0x00A180A4+1867940]\n\tBaseThreadInitThunk [0x77BA6359+25]\n\tRtlGetAppContainerNamedObjectPath [0x77CE7B74+228]\n\tRtlGetAppContainerNamedObjectPath [0x77CE7B44+180]\n\nCommand duration or timeout: 471 milliseconds\r\n\tat java.base/jdk.internal.reflect.DirectConstructorHandleAccessor.newInstance(DirectConstructorHandleAccessor.java:67)\r\n\tat java.base/java.lang.reflect.Constructor.newInstanceWithCaller(Constructor.java:499)\r\n\tat java.base/java.lang.reflect.Constructor.newInstance(Constructor.java:483)\r\n\tat org.openqa.selenium.remote.ErrorHandler.createThrowable(ErrorHandler.java:214)\r\n\tat org.openqa.selenium.remote.ErrorHandler.throwIfResponseFailed(ErrorHandler.java:166)\r\n\tat org.openqa.selenium.remote.JsonWireProtocolResponse.lambda$errorHandler$0(JsonWireProtocolResponse.java:54)\r\n\tat org.openqa.selenium.remote.HandshakeResponse.lambda$getResponseFunction$0(HandshakeResponse.java:30)\r\n\tat org.openqa.selenium.remote.ProtocolHandshake.lambda$createSession$0(ProtocolHandshake.java:126)\r\n\tat java.base/java.util.stream.ReferencePipeline$3$1.accept(ReferencePipeline.java:197)\r\n\tat java.base/java.util.Spliterators$ArraySpliterator.tryAdvance(Spliterators.java:1002)\r\n\tat java.base/java.util.stream.ReferencePipeline.forEachWithCancel(ReferencePipeline.java:129)\r\n\tat java.base/java.util.stream.AbstractPipeline.copyIntoWithCancel(AbstractPipeline.java:527)\r\n\tat java.base/java.util.stream.AbstractPipeline.copyInto(AbstractPipeline.java:513)\r\n\tat java.base/java.util.stream.AbstractPipeline.wrapAndCopyInto(AbstractPipeline.java:499)\r\n\tat java.base/java.util.stream.FindOps$FindOp.evaluateSequential(FindOps.java:150)\r\n\tat java.base/java.util.stream.AbstractPipeline.evaluate(AbstractPipeline.java:234)\r\n\tat java.base/java.util.stream.ReferencePipeline.findFirst(ReferencePipeline.java:647)\r\n\tat org.openqa.selenium.remote.ProtocolHandshake.createSession(ProtocolHandshake.java:128)\r\n\tat org.openqa.selenium.remote.ProtocolHandshake.createSession(ProtocolHandshake.java:74)\r\n\tat org.openqa.selenium.remote.HttpCommandExecutor.execute(HttpCommandExecutor.java:136)\r\n\tat org.openqa.selenium.remote.RemoteWebDriver.execute(RemoteWebDriver.java:552)\r\n\tat org.openqa.selenium.remote.RemoteWebDriver.startSession(RemoteWebDriver.java:213)\r\n\tat org.openqa.selenium.remote.RemoteWebDriver.<init>(RemoteWebDriver.java:131)\r\n\tat org.openqa.selenium.remote.RemoteWebDriver.<init>(RemoteWebDriver.java:144)\r\n\tat Grid.LoginOnWindowsUsingChrome.setup(LoginOnWindowsUsingChrome.java:45)\r\n\tat java.base/jdk.internal.reflect.DirectMethodHandleAccessor.invoke(DirectMethodHandleAccessor.java:104)\r\n\tat java.base/java.lang.reflect.Method.invoke(Method.java:577)\r\n\tat org.testng.internal.MethodInvocationHelper.invokeMethod(MethodInvocationHelper.java:132)\r\n\tat org.testng.internal.MethodInvocationHelper.invokeMethodConsideringTimeout(MethodInvocationHelper.java:61)\r\n\tat org.testng.internal.ConfigInvoker.invokeConfigurationMethod(ConfigInvoker.java:366)\r\n\tat org.testng.internal.ConfigInvoker.invokeConfigurations(ConfigInvoker.java:320)\r\n\tat org.testng.internal.TestInvoker.runConfigMethods(TestInvoker.java:701)\r\n\tat org.testng.internal.TestInvoker.invokeMethod(TestInvoker.java:527)\r\n\tat org.testng.internal.TestInvoker.invokeTestMethod(TestInvoker.java:174)\r\n\tat org.testng.internal.MethodRunner.runInSequence(MethodRunner.java:46)\r\n\tat org.testng.internal.TestInvoker$MethodInvocationAgent.invoke(TestInvoker.java:822)\r\n\tat org.testng.internal.TestInvoker.invokeTestMethods(TestInvoker.java:147)\r\n\tat org.testng.internal.TestMethodWorker.invokeTestMethods(TestMethodWorker.java:146)\r\n\tat org.testng.internal.TestMethodWorker.run(TestMethodWorker.java:128)\r\n\tat java.base/java.util.ArrayList.forEach(ArrayList.java:1511)\r\n\tat org.testng.TestRunner.privateRun(TestRunner.java:764)\r\n\tat org.testng.TestRunner.run(TestRunner.java:585)\r\n\tat org.testng.SuiteRunner.runTest(SuiteRunner.java:384)\r\n\tat org.testng.SuiteRunner.runSequentially(SuiteRunner.java:378)\r\n\tat org.testng.SuiteRunner.privateRun(SuiteRunner.java:337)\r\n\tat org.testng.SuiteRunner.run(SuiteRunner.java:286)\r\n\tat org.testng.SuiteRunnerWorker.runSuite(SuiteRunnerWorker.java:53)\r\n\tat org.testng.SuiteRunnerWorker.run(SuiteRunnerWorker.java:96)\r\n\tat org.testng.TestNG.runSuitesSequentially(TestNG.java:1218)\r\n\tat org.testng.TestNG.runSuitesLocally(TestNG.java:1140)\r\n\tat org.testng.TestNG.runSuites(TestNG.java:1069)\r\n\tat org.testng.TestNG.run(TestNG.java:1037)\r\n\tat org.testng.remote.AbstractRemoteTestNG.run(AbstractRemoteTestNG.java:115)\r\n\tat org.testng.remote.RemoteTestNG.initAndRun(RemoteTestNG.java:251)\r\n\tat org.testng.remote.RemoteTestNG.main(RemoteTestNG.java:77)\r\nCaused by: org.openqa.selenium.SessionNotCreatedException: session not created: No matching capabilities found\nBuild info: version: '3.5.0', revision: '8def36e068', time: '2017-08-10T23:00:22.093Z'\nSystem info: host: 'LPCAIQ0804', ip: '192.168.10.163', os.name: 'Windows 10', os.arch: 'amd64', os.version: '10.0', java.version: '18.0.2'\nDriver info: driver.version: unknown\nremote stacktrace: Backtrace:\n\tOrdinal0 [0x00A6DF13+2219795]\n\tOrdinal0 [0x00A02841+1779777]\n\tOrdinal0 [0x0091423D+803389]\n\tOrdinal0 [0x00962B6B+1125227]\n\tOrdinal0 [0x009622AC+1122988]\n\tOrdinal0 [0x009634D5+1127637]\n\tOrdinal0 [0x0096331A+1127194]\n\tOrdinal0 [0x0095E616+1107478]\n\tOrdinal0 [0x00937F89+950153]\n\tOrdinal0 [0x00938F56+954198]\n\tGetHandleVerifier [0x00D62CB2+3040210]\n\tGetHandleVerifier [0x00D52BB4+2974420]\n\tGetHandleVerifier [0x00B06A0A+565546]\n\tGetHandleVerifier [0x00B05680+560544]\n\tOrdinal0 [0x00A09A5C+1808988]\n\tOrdinal0 [0x00A0E3A8+1827752]\n\tOrdinal0 [0x00A0E495+1827989]\n\tOrdinal0 [0x00A180A4+1867940]\n\tBaseThreadInitThunk [0x77BA6359+25]\n\tRtlGetAppContainerNamedObjectPath [0x77CE7B74+228]\n\tRtlGetAppContainerNamedObjectPath [0x77CE7B44+180]\n\nBuild info: version: '3.141.59', revision: 'e82be7d358', time: '2018-11-14T08:17:03'\nSystem info: host: 'LPCAIQ0804', ip: '192.168.10.163', os.name: 'Windows 10', os.arch: 'amd64', os.version: '10.0', java.version: '18.0.2'\nDriver info: driver.version: unknown\r\n\tat jdk.internal.reflect.DirectConstructorHandleAccessor.newInstance(DirectConstructorHandleAccessor.java:67)\r\n\tat java.lang.reflect.Constructor.newInstanceWithCaller(Constructor.java:499)\r\n\tat java.lang.reflect.Constructor.newInstance(Constructor.java:483)\r\n\tat org.openqa.selenium.remote.W3CHandshakeResponse.lambda$new$0(W3CHandshakeResponse.java:57)\r\n\tat org.openqa.selenium.remote.W3CHandshakeResponse.lambda$getResponseFunction$2(W3CHandshakeResponse.java:104)\r\n\tat org.openqa.selenium.remote.ProtocolHandshake.lambda$createSession$24(ProtocolHandshake.java:360)\r\n\tat java.util.stream.ReferencePipeline$3$1.accept(ReferencePipeline.java:197)\r\n\tat java.util.Spliterators$ArraySpliterator.tryAdvance(Spliterators.java:1002)\r\n\tat java.util.stream.ReferencePipeline.forEachWithCancel(ReferencePipeline.java:129)\r\n\tat java.util.stream.AbstractPipeline.copyIntoWithCancel(AbstractPipeline.java:527)\r\n\tat java.util.stream.AbstractPipeline.copyInto(AbstractPipeline.java:513)\r\n\tat java.util.stream.AbstractPipeline.wrapAndCopyInto(AbstractPipeline.java:499)\r\n\tat java.util.stream.FindOps$FindOp.evaluateSequential(FindOps.java:150)\r\n\tat java.util.stream.AbstractPipeline.evaluate(AbstractPipeline.java:234)\r\n\tat java.util.stream.ReferencePipeline.findFirst(ReferencePipeline.java:647)\r\n\tat org.openqa.selenium.remote.ProtocolHandshake.createSession(ProtocolHandshake.java:363)\r\n\tat org.openqa.selenium.remote.server.ServicedSession$Factory.apply(ServicedSession.java:159)\r\n\tat org.openqa.selenium.remote.server.ActiveSessionFactory.lambda$createSession$15(ActiveSessionFactory.java:148)\r\n\tat java.util.Optional.map(Optional.java:260)\r\n\tat org.openqa.selenium.remote.server.ActiveSessionFactory.createSession(ActiveSessionFactory.java:148)\r\n\tat org.openqa.selenium.remote.server.BeginSession.execute(BeginSession.java:69)\r\n\tat org.openqa.selenium.remote.server.WebDriverServlet.lambda$handle$0(WebDriverServlet.java:231)\r\n\tat java.util.concurrent.Executors$RunnableAdapter.call(Executors.java:539)\r\n\tat java.util.concurrent.FutureTask.run(FutureTask.java:264)\r\n\tat java.util.concurrent.ThreadPoolExecutor.runWorker(ThreadPoolExecutor.java:1136)\r\n\tat java.util.concurrent.ThreadPoolExecutor$Worker.run(ThreadPoolExecutor.java:635)\r\n\tat java.lang.Thread.run(Thread.java:833)\r\n"},"stage":"finished","description":"","steps":[],"attachments":[],"parameters":[],"start":1664178813991,"stop":1664178815071}],"afters":[],"start":1664178813991,"stop":1664178815072}